<?xml version="1.0" encoding="UTF-8"?>
<testsuite name="com.example.routing.CreateUserHandlerTest" tests="1" skipped="0" failures="1" errors="0" timestamp="2022-06-21T12:27:38" hostname="MacBook103.fibertel.com.ar" time="0.809">
  <properties/>
  <testcase name="exist" classname="com.example.routing.CreateUserHandlerTest" time="0.809">
    <failure message="java.lang.AssertionError: expected:&lt;200 OK&gt; but was:&lt;404 Not Found&gt;" type="java.lang.AssertionError">java.lang.AssertionError: expected:&lt;200 OK&gt; but was:&lt;404 Not Found&gt;
	at org.junit.Assert.fail(Assert.java:89)
	at org.junit.Assert.failNotEquals(Assert.java:835)
	at org.junit.Assert.assertEquals(Assert.java:120)
	at kotlin.test.junit.JUnitAsserter.assertEquals(JUnitSupport.kt:32)
	at kotlin.test.AssertionsKt__AssertionsKt.assertEquals(Assertions.kt:63)
	at kotlin.test.AssertionsKt.assertEquals(Unknown Source)
	at kotlin.test.AssertionsKt__AssertionsKt.assertEquals$default(Assertions.kt:62)
	at kotlin.test.AssertionsKt.assertEquals$default(Unknown Source)
	at com.example.routing.CreateUserHandlerTest$exist$1.invokeSuspend(CreateUserHandlerTest.kt:21)
	at kotlin.coroutines.jvm.internal.BaseContinuationImpl.resumeWith(ContinuationImpl.kt:33)
	at io.ktor.util.pipeline.SuspendFunctionGun.resumeRootWith(SuspendFunctionGun.kt:138)
	at io.ktor.util.pipeline.SuspendFunctionGun.loop(SuspendFunctionGun.kt:112)
	at io.ktor.util.pipeline.SuspendFunctionGun.access$loop(SuspendFunctionGun.kt:14)
	at io.ktor.util.pipeline.SuspendFunctionGun$continuation$1.resumeWith(SuspendFunctionGun.kt:62)
	at kotlin.coroutines.jvm.internal.BaseContinuationImpl.resumeWith(ContinuationImpl.kt:46)
	at io.ktor.util.pipeline.SuspendFunctionGun.resumeRootWith(SuspendFunctionGun.kt:138)
	at io.ktor.util.pipeline.SuspendFunctionGun.loop(SuspendFunctionGun.kt:112)
	at io.ktor.util.pipeline.SuspendFunctionGun.access$loop(SuspendFunctionGun.kt:14)
	at io.ktor.util.pipeline.SuspendFunctionGun$continuation$1.resumeWith(SuspendFunctionGun.kt:62)
	at kotlin.coroutines.jvm.internal.BaseContinuationImpl.resumeWith(ContinuationImpl.kt:46)
	at io.ktor.util.pipeline.SuspendFunctionGun.resumeRootWith(SuspendFunctionGun.kt:138)
	at io.ktor.util.pipeline.SuspendFunctionGun.loop(SuspendFunctionGun.kt:112)
	at io.ktor.util.pipeline.SuspendFunctionGun.access$loop(SuspendFunctionGun.kt:14)
	at io.ktor.util.pipeline.SuspendFunctionGun$continuation$1.resumeWith(SuspendFunctionGun.kt:62)
	at kotlin.coroutines.jvm.internal.BaseContinuationImpl.resumeWith(ContinuationImpl.kt:46)
	at io.ktor.util.pipeline.SuspendFunctionGun.resumeRootWith(SuspendFunctionGun.kt:138)
	at io.ktor.util.pipeline.SuspendFunctionGun.loop(SuspendFunctionGun.kt:112)
	at io.ktor.util.pipeline.SuspendFunctionGun.access$loop(SuspendFunctionGun.kt:14)
	at io.ktor.util.pipeline.SuspendFunctionGun$continuation$1.resumeWith(SuspendFunctionGun.kt:62)
	at kotlin.coroutines.jvm.internal.BaseContinuationImpl.resumeWith(ContinuationImpl.kt:46)
	at kotlinx.coroutines.DispatchedTask.run(DispatchedTask.kt:106)
	at kotlinx.coroutines.EventLoopImplBase.processNextEvent(EventLoop.common.kt:279)
	at kotlinx.coroutines.BlockingCoroutine.joinBlocking(Builders.kt:85)
	at kotlinx.coroutines.BuildersKt__BuildersKt.runBlocking(Builders.kt:59)
	at kotlinx.coroutines.BuildersKt.runBlocking(Unknown Source)
	at kotlinx.coroutines.BuildersKt__BuildersKt.runBlocking$default(Builders.kt:38)
	at kotlinx.coroutines.BuildersKt.runBlocking$default(Unknown Source)
	at io.ktor.server.testing.TestApplicationKt.testApplication(TestApplication.kt:264)
	at com.example.routing.CreateUserHandlerTest.exist(CreateUserHandlerTest.kt:16)
	at java.base/jdk.internal.reflect.NativeMethodAccessorImpl.invoke0(Native Method)
	at java.base/jdk.internal.reflect.NativeMethodAccessorImpl.invoke(NativeMethodAccessorImpl.java:62)
	at java.base/jdk.internal.reflect.DelegatingMethodAccessorImpl.invoke(DelegatingMethodAccessorImpl.java:43)
	at java.base/java.lang.reflect.Method.invoke(Method.java:566)
	at org.junit.runners.model.FrameworkMethod$1.runReflectiveCall(FrameworkMethod.java:59)
	at org.junit.internal.runners.model.ReflectiveCallable.run(ReflectiveCallable.java:12)
	at org.junit.runners.model.FrameworkMethod.invokeExplosively(FrameworkMethod.java:56)
	at org.junit.internal.runners.statements.InvokeMethod.evaluate(InvokeMethod.java:17)
	at org.junit.runners.ParentRunner$3.evaluate(ParentRunner.java:306)
	at org.junit.runners.BlockJUnit4ClassRunner$1.evaluate(BlockJUnit4ClassRunner.java:100)
	at org.junit.runners.ParentRunner.runLeaf(ParentRunner.java:366)
	at org.junit.runners.BlockJUnit4ClassRunner.runChild(BlockJUnit4ClassRunner.java:103)
	at org.junit.runners.BlockJUnit4ClassRunner.runChild(BlockJUnit4ClassRunner.java:63)
	at org.junit.runners.ParentRunner$4.run(ParentRunner.java:331)
	at org.junit.runners.ParentRunner$1.schedule(ParentRunner.java:79)
	at org.junit.runners.ParentRunner.runChildren(ParentRunner.java:329)
	at org.junit.runners.ParentRunner.access$100(ParentRunner.java:66)
	at org.junit.runners.ParentRunner$2.evaluate(ParentRunner.java:293)
	at org.junit.runners.ParentRunner$3.evaluate(ParentRunner.java:306)
	at org.junit.runners.ParentRunner.run(ParentRunner.java:413)
	at org.gradle.api.internal.tasks.testing.junit.JUnitTestClassExecutor.runTestClass(JUnitTestClassExecutor.java:110)
	at org.gradle.api.internal.tasks.testing.junit.JUnitTestClassExecutor.execute(JUnitTestClassExecutor.java:58)
	at org.gradle.api.internal.tasks.testing.junit.JUnitTestClassExecutor.execute(JUnitTestClassExecutor.java:38)
	at org.gradle.api.internal.tasks.testing.junit.AbstractJUnitTestClassProcessor.processTestClass(AbstractJUnitTestClassProcessor.java:62)
	at org.gradle.api.internal.tasks.testing.SuiteTestClassProcessor.processTestClass(SuiteTestClassProcessor.java:51)
	at java.base/jdk.internal.reflect.NativeMethodAccessorImpl.invoke0(Native Method)
	at java.base/jdk.internal.reflect.NativeMethodAccessorImpl.invoke(NativeMethodAccessorImpl.java:62)
	at java.base/jdk.internal.reflect.DelegatingMethodAccessorImpl.invoke(DelegatingMethodAccessorImpl.java:43)
	at java.base/java.lang.reflect.Method.invoke(Method.java:566)
	at org.gradle.internal.dispatch.ReflectionDispatch.dispatch(ReflectionDispatch.java:36)
	at org.gradle.internal.dispatch.ReflectionDispatch.dispatch(ReflectionDispatch.java:24)
	at org.gradle.internal.dispatch.ContextClassLoaderDispatch.dispatch(ContextClassLoaderDispatch.java:33)
	at org.gradle.internal.dispatch.ProxyDispatchAdapter$DispatchingInvocationHandler.invoke(ProxyDispatchAdapter.java:94)
	at com.sun.proxy.$Proxy2.processTestClass(Unknown Source)
	at org.gradle.api.internal.tasks.testing.worker.TestWorker.processTestClass(TestWorker.java:121)
	at java.base/jdk.internal.reflect.NativeMethodAccessorImpl.invoke0(Native Method)
	at java.base/jdk.internal.reflect.NativeMethodAccessorImpl.invoke(NativeMethodAccessorImpl.java:62)
	at java.base/jdk.internal.reflect.DelegatingMethodAccessorImpl.invoke(DelegatingMethodAccessorImpl.java:43)
	at java.base/java.lang.reflect.Method.invoke(Method.java:566)
	at org.gradle.internal.dispatch.ReflectionDispatch.dispatch(ReflectionDispatch.java:36)
	at org.gradle.internal.dispatch.ReflectionDispatch.dispatch(ReflectionDispatch.java:24)
	at org.gradle.internal.remote.internal.hub.MessageHubBackedObjectConnection$DispatchWrapper.dispatch(MessageHubBackedObjectConnection.java:182)
	at org.gradle.internal.remote.internal.hub.MessageHubBackedObjectConnection$DispatchWrapper.dispatch(MessageHubBackedObjectConnection.java:164)
	at org.gradle.internal.remote.internal.hub.MessageHub$Handler.run(MessageHub.java:414)
	at org.gradle.internal.concurrent.ExecutorPolicy$CatchAndRecordFailures.onExecute(ExecutorPolicy.java:64)
	at org.gradle.internal.concurrent.ManagedExecutorImpl$1.run(ManagedExecutorImpl.java:48)
	at java.base/java.util.concurrent.ThreadPoolExecutor.runWorker(ThreadPoolExecutor.java:1128)
	at java.base/java.util.concurrent.ThreadPoolExecutor$Worker.run(ThreadPoolExecutor.java:628)
	at org.gradle.internal.concurrent.ThreadFactoryImpl$ManagedThreadRunnable.run(ThreadFactoryImpl.java:56)
	at java.base/java.lang.Thread.run(Thread.java:829)
</failure>
  </testcase>
  <system-out><![CDATA[2022-06-21 09:27:38.497 [DefaultDispatcher-worker-1 @call-context#2] DEBUG ktor.test - Java Home: /Users/shanick.cuello/Library/Application Support/JetBrains/Toolbox/apps/IDEA-C/ch-0/213.6777.52/IntelliJ IDEA CE.app/Contents/jbr/Contents
2022-06-21 09:27:38.500 [DefaultDispatcher-worker-1 @call-context#2] DEBUG ktor.test - Class Loader: jdk.internal.loader.ClassLoaders$AppClassLoader@277050dc: [file:/Users/shanick.cuello/.gradle/caches/modules-2/files-2.1/ch.qos.logback/logback-classic/1.2.3/7c4f3c474fb2c041d8028740440937705ebb473a/logback-classic-1.2.3.jar!/ch, file:/Users/shanick.cuello/.gradle/caches/modules-2/files-2.1/ch.qos.logback/logback-core/1.2.3/864344400c3d4d92dfeb0a305dc87d953677c03c/logback-core-1.2.3.jar!/ch, file:/Users/shanick.cuello/.gradle/caches/modules-2/files-2.1/junit/junit/4.13.2/8ac9e16d933b6fb43bc7f576336b8f4d7eb5ba12/junit-4.13.2.jar!/junit, file:/Users/shanick.cuello/.gradle/caches/modules-2/files-2.1/org.junit.jupiter/junit-jupiter-params/5.8.1/13afdb5d414cbe991fce3ef6b864de77c9644dae/junit-jupiter-params-5.8.1.jar!/org, file:/Users/shanick.cuello/.gradle/caches/modules-2/files-2.1/org.junit.jupiter/junit-jupiter-engine/5.8.1/21b86e08aae2720bbf017703669948be96d1388c/junit-jupiter-engine-5.8.1.jar!/org, file:/Users/shanick.cuello/.gradle/caches/modules-2/files-2.1/org.junit.jupiter/junit-jupiter-api/5.8.1/6538b88eb8bf8811bc7b6efb5246f835c15e0bfe/junit-jupiter-api-5.8.1.jar!/org, file:/Users/shanick.cuello/.gradle/caches/modules-2/files-2.1/org.junit.platform/junit-platform-engine/1.8.1/e6c63bf990dc88a6527b4ed617b23e47048f07e0/junit-platform-engine-1.8.1.jar!/org, file:/Users/shanick.cuello/.gradle/caches/modules-2/files-2.1/org.junit.platform/junit-platform-commons/1.8.1/1e362cbe6d0f225b066757865e233972557484/junit-platform-commons-1.8.1.jar!/META-INF/versions/9/org/, file:/Users/shanick.cuello/.gradle/caches/modules-2/files-2.1/org.slf4j/slf4j-api/1.7.36/6c62681a2f655b49963a5983b8b0950a6120ae14/slf4j-api-1.7.36.jar!/org, file:/Users/shanick.cuello/.gradle/caches/modules-2/files-2.1/org.fusesource.jansi/jansi/2.4.0/321c614f85f1dea6bb08c1817c60d53b7f3552fd/jansi-2.4.0.jar!/org, file:/Users/shanick.cuello/.gradle/caches/modules-2/files-2.1/org.eclipse.jetty.alpn/alpn-api/1.1.3.v20160715/a1bf3a937f91b4c953acd13e8c9552347adc2198/alpn-api-1.1.3.v20160715.jar!/org, file:/Users/shanick.cuello/.gradle/caches/modules-2/files-2.1/org.jetbrains/annotations/13.0/919f0dfe192fb4e063e7dacadee7f8bb9a2672a9/annotations-13.0.jar!/org, file:/Users/shanick.cuello/.gradle/caches/modules-2/files-2.1/org.opentest4j/opentest4j/1.2.0/28c11eb91f9b6d8e200631d46e20a7f407f2a046/opentest4j-1.2.0.jar!/org, file:/Users/shanick.cuello/.gradle/caches/modules-2/files-2.1/org.hamcrest/hamcrest-core/1.3/42a25dc3219429f0e5d060061f71acb49bf010a0/hamcrest-core-1.3.jar!/org, file:/Users/shanick.cuello/.gradle/caches/modules-2/files-2.1/org.eclipse.jetty.http2/http2-http-client-transport/9.4.45.v20220203/6a85bcc8549f24283c0b91cf6ab27c8cabe33562/http2-http-client-transport-9.4.45.v20220203.jar!/org, file:/Users/shanick.cuello/.gradle/caches/modules-2/files-2.1/org.eclipse.jetty.http2/http2-client/9.4.45.v20220203/7633a1553998760dc57898f436f0b3951dd977aa/http2-client-9.4.45.v20220203.jar!/org, file:/Users/shanick.cuello/.gradle/caches/modules-2/files-2.1/org.eclipse.jetty/jetty-client/9.4.45.v20220203/4b90cc74f2af72854c681aa4978f78d54a99ec4e/jetty-client-9.4.45.v20220203.jar!/org, file:/Users/shanick.cuello/.gradle/caches/modules-2/files-2.1/org.eclipse.jetty.http2/http2-common/9.4.45.v20220203/ef739ca89ace1db977bd8d4b6b332a3639009a52/http2-common-9.4.45.v20220203.jar!/org, file:/Users/shanick.cuello/.gradle/caches/modules-2/files-2.1/org.eclipse.jetty/jetty-alpn-openjdk8-client/9.4.45.v20220203/8aeea9038fa3e9fd690d0476e1b2839c5689a038/jetty-alpn-openjdk8-client-9.4.45.v20220203.jar!/org, file:/Users/shanick.cuello/.gradle/caches/modules-2/files-2.1/org.eclipse.jetty/jetty-alpn-java-client/9.4.45.v20220203/d82a865d8c79c0a100c73b56de808e7a12a3cb39/jetty-alpn-java-client-9.4.45.v20220203.jar!/org, file:/Users/shanick.cuello/.gradle/caches/modules-2/files-2.1/org.eclipse.jetty/jetty-alpn-client/9.4.45.v20220203/a079c3590b8be5b1a8c5eed3dffa46c3d1a7517b/jetty-alpn-client-9.4.45.v20220203.jar!/org, file:/Users/shanick.cuello/.gradle/caches/modules-2/files-2.1/org.eclipse.jetty.http2/http2-hpack/9.4.45.v20220203/dfc26795030836acd938baf90278208ea7dd0a4f/http2-hpack-9.4.45.v20220203.jar!/org, file:/Users/shanick.cuello/.gradle/caches/modules-2/files-2.1/org.eclipse.jetty/jetty-http/9.4.45.v20220203/21041f5f0e381b9fe25f540385c51409e7753d5c/jetty-http-9.4.45.v20220203.jar!/org, file:/Users/shanick.cuello/.gradle/caches/modules-2/files-2.1/org.eclipse.jetty/jetty-io/9.4.45.v20220203/38b70c9b041717ed6dcd674ae250e912677564df/jetty-io-9.4.45.v20220203.jar!/org, file:/Users/shanick.cuello/.gradle/caches/modules-2/files-2.1/org.eclipse.jetty/jetty-util/9.4.45.v20220203/25d25cfb9808f304805e9dc7d3e4b00c7e8e1b76/jetty-util-9.4.45.v20220203.jar!/org, file:/Users/shanick.cuello/.gradle/caches/modules-2/files-2.1/io.ktor/ktor-server-tests-jvm/2.0.2/8d3dfa6a5296e6a8725626159089e9eb04b248d3/ktor-server-tests-jvm-2.0.2.jar!/io, file:/Users/shanick.cuello/.gradle/caches/modules-2/files-2.1/io.ktor/ktor-server-jvm/2.0.2/5f2a6ec5b47c82234f81c13ee62f2314f99fa464/ktor-server-jvm-2.0.2.jar!/io, file:/Users/shanick.cuello/.gradle/caches/modules-2/files-2.1/io.ktor/ktor-server-content-negotiation-jvm/2.0.2/d55099c799ab2077c5f126608fb547ac0cb51835/ktor-server-content-negotiation-jvm-2.0.2.jar!/io, file:/Users/shanick.cuello/.gradle/caches/modules-2/files-2.1/io.ktor/ktor-server-netty-jvm/2.0.2/1c7e0932c3b40c659a3bc17b8161868230e1c5d2/ktor-server-netty-jvm-2.0.2.jar!/io, file:/Users/shanick.cuello/.gradle/caches/modules-2/files-2.1/io.ktor/ktor-server-test-host-jvm/2.0.2/910c6e78d7ff9a6351c7d43b22240a1de2eac9c7/ktor-server-test-host-jvm-2.0.2.jar!/io, file:/Users/shanick.cuello/.gradle/caches/modules-2/files-2.1/io.ktor/ktor-server-host-common-jvm/2.0.2/af64c90d7a257d3600774db55f2d92b21f8f1c5a/ktor-server-host-common-jvm-2.0.2.jar!/io, file:/Users/shanick.cuello/.gradle/caches/modules-2/files-2.1/io.ktor/ktor-server-sessions-jvm/2.0.2/f23e063bd922ca20d0526ff27306c786738b5e49/ktor-server-sessions-jvm-2.0.2.jar!/io, file:/Users/shanick.cuello/.gradle/caches/modules-2/files-2.1/io.ktor/ktor-server-call-id-jvm/2.0.2/caab3200bbd6856a0a319daf48ca21982365b0a6/ktor-server-call-id-jvm-2.0.2.jar!/io, file:/Users/shanick.cuello/.gradle/caches/modules-2/files-2.1/io.ktor/ktor-server-call-logging-jvm/2.0.2/b72535d35a4e66d85f6e16dbaaa4b30a480871c1/ktor-server-call-logging-jvm-2.0.2.jar!/io, file:/Users/shanick.cuello/.gradle/caches/modules-2/files-2.1/io.ktor/ktor-server-default-headers-jvm/2.0.2/4fb53c740dfca75079ba992c10e113fc778ebf78/ktor-server-default-headers-jvm-2.0.2.jar!/io, file:/Users/shanick.cuello/.gradle/caches/modules-2/files-2.1/io.ktor/ktor-server-compression-jvm/2.0.2/c63488f47e4ae5517514e0fdfb0293f4143eabe9/ktor-server-compression-jvm-2.0.2.jar!/io, file:/Users/shanick.cuello/.gradle/caches/modules-2/files-2.1/io.ktor/ktor-server-auto-head-response-jvm/2.0.2/44e807e9e703eb5c9e1e0c20e0cb9d9be844c856/ktor-server-auto-head-response-jvm-2.0.2.jar!/io, file:/Users/shanick.cuello/.gradle/caches/modules-2/files-2.1/io.ktor/ktor-server-caching-headers-jvm/2.0.2/ba51558977ee1aecdca329b76280d80ab3af4919/ktor-server-caching-headers-jvm-2.0.2.jar!/io, file:/Users/shanick.cuello/.gradle/caches/modules-2/files-2.1/io.ktor/ktor-server-partial-content-jvm/2.0.2/da93c7383bcee9d0173f5b0b2b1f6cb59b78406f/ktor-server-partial-content-jvm-2.0.2.jar!/io, file:/Users/shanick.cuello/.gradle/caches/modules-2/files-2.1/io.ktor/ktor-server-conditional-headers-jvm/2.0.2/a0623d7d5e9a4148dfaa179119d2da113a29839b/ktor-server-conditional-headers-jvm-2.0.2.jar!/io, file:/Users/shanick.cuello/.gradle/caches/modules-2/files-2.1/io.ktor/ktor-server-cors-jvm/2.0.2/ab71ee7dbe4ef06b105f869a435e8beacda98987/ktor-server-cors-jvm-2.0.2.jar!/io, file:/Users/shanick.cuello/.gradle/caches/modules-2/files-2.1/io.ktor/ktor-server-data-conversion-jvm/2.0.2/3634d39127b3a050c55c8d6d2abeb0719b072d7f/ktor-server-data-conversion-jvm-2.0.2.jar!/io, file:/Users/shanick.cuello/.gradle/caches/modules-2/files-2.1/io.ktor/ktor-server-double-receive-jvm/2.0.2/4691ac7ae206494e2fda5118d3b4ad6c0e360baa/ktor-server-double-receive-jvm-2.0.2.jar!/io, file:/Users/shanick.cuello/.gradle/caches/modules-2/files-2.1/io.ktor/ktor-server-forwarded-header-jvm/2.0.2/cd3f673ceb7fc8150d5b55dfd69089e07a119ac1/ktor-server-forwarded-header-jvm-2.0.2.jar!/io, file:/Users/shanick.cuello/.gradle/caches/modules-2/files-2.1/io.ktor/ktor-server-hsts-jvm/2.0.2/9a13e8c9e99b1bba56720486d402de33e1d38673/ktor-server-hsts-jvm-2.0.2.jar!/io, file:/Users/shanick.cuello/.gradle/caches/modules-2/files-2.1/io.ktor/ktor-server-http-redirect-jvm/2.0.2/6fbbca9dd2b6e57ee62edf52d01ad9310c20a906/ktor-server-http-redirect-jvm-2.0.2.jar!/io, file:/Users/shanick.cuello/.gradle/caches/modules-2/files-2.1/io.ktor/ktor-server-status-pages-jvm/2.0.2/bfe570b15e6e69e0e132c12aa1f9a1ee7136b67d/ktor-server-status-pages-jvm-2.0.2.jar!/io, file:/Users/shanick.cuello/.gradle/caches/modules-2/files-2.1/io.ktor/ktor-server-method-override-jvm/2.0.2/61ea3e38a1622fb63c1c60c664dbf88924ac6313/ktor-server-method-override-jvm-2.0.2.jar!/io, file:/Users/shanick.cuello/.gradle/caches/modules-2/files-2.1/io.ktor/ktor-server-websockets-jvm/2.0.2/fc89e1c5265e42b155479096991baedbf10940d0/ktor-server-websockets-jvm-2.0.2.jar!/io, file:/Users/shanick.cuello/.gradle/caches/modules-2/files-2.1/io.ktor/ktor-server-core-jvm/2.0.2/d3df4242e8f27ae6ab0b9a15259dec427265fe52/ktor-server-core-jvm-2.0.2.jar!/io, file:/Users/shanick.cuello/.gradle/caches/modules-2/files-2.1/io.ktor/ktor-serialization-gson-jvm/2.0.2/8ddb95e9d5752b842dea4232a5d9f66ba4615a71/ktor-serialization-gson-jvm-2.0.2.jar!/io, file:/Users/shanick.cuello/.gradle/caches/modules-2/files-2.1/io.ktor/ktor-client-jetty-jvm/2.0.2/d240191a6837a562f5f71636faca4712690e8f00/ktor-client-jetty-jvm-2.0.2.jar!/io, file:/Users/shanick.cuello/.gradle/caches/modules-2/files-2.1/io.ktor/ktor-client-cio-jvm/2.0.2/c808496808ff94c8b87f46918de266fd97c31c36/ktor-client-cio-jvm-2.0.2.jar!/io, file:/Users/shanick.cuello/.gradle/caches/modules-2/files-2.1/io.ktor/ktor-client-core-jvm/2.0.2/7a39c45edb7b02ead5b241abc7a05a56092707a7/ktor-client-core-jvm-2.0.2.jar!/io, file:/Users/shanick.cuello/.gradle/caches/modules-2/files-2.1/io.ktor/ktor-websocket-serialization-jvm/2.0.2/883b7eb17563de734d5fb42eb90b72f342d9ad80/ktor-websocket-serialization-jvm-2.0.2.jar!/io, file:/Users/shanick.cuello/.gradle/caches/modules-2/files-2.1/io.ktor/ktor-serialization-jvm/2.0.2/d566cfc7eee0afb73f7b6058faece7267d52e4a0/ktor-serialization-jvm-2.0.2.jar!/io, file:/Users/shanick.cuello/.gradle/caches/modules-2/files-2.1/io.ktor/ktor-events-jvm/2.0.2/c545521ab7f16dd1769c5f353635545bcfdc2b79/ktor-events-jvm-2.0.2.jar!/io, file:/Users/shanick.cuello/.gradle/caches/modules-2/files-2.1/io.ktor/ktor-websockets-jvm/2.0.2/811641d593992f71f544b6f940f81b9318e142f4/ktor-websockets-jvm-2.0.2.jar!/io, file:/Users/shanick.cuello/.gradle/caches/modules-2/files-2.1/io.ktor/ktor-http-cio-jvm/2.0.2/1e97ccf97a0f9aac5e9cc432720797b58e70af3/ktor-http-cio-jvm-2.0.2.jar!/io, file:/Users/shanick.cuello/.gradle/caches/modules-2/files-2.1/io.ktor/ktor-http-jvm/2.0.2/8f4891da99be79477e42a59bbb8db4c31892b89f/ktor-http-jvm-2.0.2.jar!/io, file:/Users/shanick.cuello/.gradle/caches/modules-2/files-2.1/io.ktor/ktor-network-tls-certificates-jvm/2.0.2/93b53bcb96b671f07135a99697b1f8572f92f12/ktor-network-tls-certificates-jvm-2.0.2.jar!/io, file:/Users/shanick.cuello/.gradle/caches/modules-2/files-2.1/io.ktor/ktor-network-tls-jvm/2.0.2/136d0535ecc0ca89831c4899fca841e08f86f1c8/ktor-network-tls-jvm-2.0.2.jar!/io, file:/Users/shanick.cuello/.gradle/caches/modules-2/files-2.1/io.ktor/ktor-network-jvm/2.0.2/162468facbf2cf6b7f56be3802fe4ad75434c948/ktor-network-jvm-2.0.2.jar!/io, file:/Users/shanick.cuello/.gradle/caches/modules-2/files-2.1/io.ktor/ktor-utils-jvm/2.0.2/fcbe855337bd2a50a77241229e811d8a39c73656/ktor-utils-jvm-2.0.2.jar!/io, file:/Users/shanick.cuello/.gradle/caches/modules-2/files-2.1/io.ktor/ktor-io-jvm/2.0.2/c1ae0b46fedcc8d29f7c1e68386ff0b60bd92da7/ktor-io-jvm-2.0.2.jar!/io, file:/Users/shanick.cuello/.gradle/caches/modules-2/files-2.1/io.ktor/ktor-test-dispatcher-jvm/2.0.2/f52acf40201bf99512bf0774b5173f026a00338d/ktor-test-dispatcher-jvm-2.0.2.jar!/io, file:/Users/shanick.cuello/.gradle/caches/modules-2/files-2.1/io.netty/netty-codec-http2/4.1.77.Final/9e58eeeacc74f8ad2b2acb240b1f01d2c40159d7/netty-codec-http2-4.1.77.Final.jar!/io, file:/Users/shanick.cuello/.gradle/caches/modules-2/files-2.1/io.netty/netty-codec-http/4.1.77.Final/c5ac5afa9af5b4dc0e8bdbfd686979af77ebdb3c/netty-codec-http-4.1.77.Final.jar!/io, file:/Users/shanick.cuello/.gradle/caches/modules-2/files-2.1/io.netty/netty-handler/4.1.77.Final/47a81089de03635a27f509f3e4e13386ae1db275/netty-handler-4.1.77.Final.jar!/io, file:/Users/shanick.cuello/.gradle/caches/modules-2/files-2.1/io.netty/netty-codec/4.1.77.Final/4efc5f59335301d6ba0d7cd31dd10651119b03c8/netty-codec-4.1.77.Final.jar!/io, file:/Users/shanick.cuello/.gradle/caches/modules-2/files-2.1/io.netty/netty-transport-classes-kqueue/4.1.77.Final/d82618d83946911d0550fcccc87f18de85d7ade9/netty-transport-classes-kqueue-4.1.77.Final.jar!/io, file:/Users/shanick.cuello/.gradle/caches/modules-2/files-2.1/io.netty/netty-transport-classes-epoll/4.1.77.Final/dd70dbccbcf98382223a59044f3c08d8e9920cad/netty-transport-classes-epoll-4.1.77.Final.jar!/io, file:/Users/shanick.cuello/.gradle/caches/modules-2/files-2.1/io.netty/netty-transport-native-unix-common/4.1.77.Final/c95d53486414b3270d08057957c5da8e0c37e4eb/netty-transport-native-unix-common-4.1.77.Final.jar!/io, file:/Users/shanick.cuello/.gradle/caches/modules-2/files-2.1/io.netty/netty-transport/4.1.77.Final/2a3373bbd20d520c821f210bd5ee886788512043/netty-transport-4.1.77.Final.jar!/io, file:/Users/shanick.cuello/.gradle/caches/modules-2/files-2.1/io.netty/netty-buffer/4.1.77.Final/d97571f99e5e739d86824d0df99f35d295276b5f/netty-buffer-4.1.77.Final.jar!/io, file:/Users/shanick.cuello/.gradle/caches/modules-2/files-2.1/io.netty/netty-resolver/4.1.77.Final/4a239dbf8d8bb5f98aa51462c35011c0516395fd/netty-resolver-4.1.77.Final.jar!/io, file:/Users/shanick.cuello/.gradle/caches/modules-2/files-2.1/io.netty/netty-common/4.1.77.Final/ea0fc20f4e6178966b9d62017b7fcb83dfe0e713/netty-common-4.1.77.Final.jar!/io, /Users/shanick.cuello/Documents/proyects/duel-to-death-api/build/classes/kotlin/test/com, /Users/shanick.cuello/Documents/proyects/duel-to-death-api/build/classes/kotlin/main/com, file:/Users/shanick.cuello/.gradle/caches/modules-2/files-2.1/com.typesafe/config/1.4.1/19058a07624a87f90d129af7cd9c68bee94535a9/config-1.4.1.jar!/com, file:/Users/shanick.cuello/.gradle/caches/modules-2/files-2.1/com.google.code.gson/gson/2.9.0/8a1167e089096758b49f9b34066ef98b2f4b37aa/gson-2.9.0.jar!/com/, file:/Users/shanick.cuello/.gradle/caches/modules-2/files-2.1/net.java.dev.jna/jna-platform/5.9.0/c535a5bda553d7d7690356c825010da74b2671b5/jna-platform-5.9.0.jar!/com, file:/Users/shanick.cuello/.gradle/caches/modules-2/files-2.1/net.java.dev.jna/jna/5.9.0/8f503e6d9b500ceff299052d6be75b38c7257758/jna-5.9.0.jar!/com, file:/Users/shanick.cuello/.gradle/caches/modules-2/files-2.1/org.jetbrains.kotlinx/kotlinx-coroutines-jdk8/1.6.1/365e34d5f89c5cd4b3288f09f783befa21545358/kotlinx-coroutines-jdk8-1.6.1.jar!/kotlinx, file:/Users/shanick.cuello/.gradle/caches/modules-2/files-2.1/org.jetbrains.kotlinx/kotlinx-coroutines-slf4j/1.6.1/b97a455d484dab92510b9478d4d013836a06928a/kotlinx-coroutines-slf4j-1.6.1.jar!/kotlinx, file:/Users/shanick.cuello/.gradle/caches/modules-2/files-2.1/org.jetbrains.kotlinx/kotlinx-coroutines-core-jvm/1.6.1/97fd74ccf54a863d221956ffcd21835e168e2aaa/kotlinx-coroutines-core-jvm-1.6.1.jar!/kotlinx, file:/Users/shanick.cuello/.gradle/caches/modules-2/files-2.1/org.jetbrains.kotlinx/kotlinx-coroutines-debug/1.6.1/a203dc586b327b834ecc1ce1bf4aa9af122e58b1/kotlinx-coroutines-debug-1.6.1.jar!/kotlinx, file:/Users/shanick.cuello/.gradle/caches/modules-2/files-2.1/org.jetbrains.kotlin/kotlin-stdlib-jdk8/1.7.0/362da0b4951ed79a6591743a7fddcfb8c73809f6/kotlin-stdlib-jdk8-1.7.0.jar!/kotlin/, file:/Users/shanick.cuello/.gradle/caches/modules-2/files-2.1/org.jetbrains.kotlin/kotlin-test-junit/1.7.0/8d0259795071f612031901db4fcbb93cf24f25b4/kotlin-test-junit-1.7.0.jar!/kotlin/, file:/Users/shanick.cuello/.gradle/caches/modules-2/files-2.1/org.jetbrains.kotlin/kotlin-stdlib-jdk7/1.7.0/fbeaa8fa63cbab09c547083a449097be6660a9a/kotlin-stdlib-jdk7-1.7.0.jar!/kotlin/, file:/Users/shanick.cuello/.gradle/caches/modules-2/files-2.1/org.jetbrains.kotlin/kotlin-reflect/1.6.21/5dc3574d9b7bebfcb4ec6b10ada4aaa9e140bd0b/kotlin-reflect-1.6.21.jar!/META-INF/versions/9/kotlin/, file:/Users/shanick.cuello/.gradle/caches/modules-2/files-2.1/org.jetbrains.kotlin/kotlin-test/1.7.0/970db9954386d1bb9b6666e3e49458cc8cef17b7/kotlin-test-1.7.0.jar!/kotlin/, file:/Users/shanick.cuello/.gradle/caches/modules-2/files-2.1/org.jetbrains.kotlin/kotlin-stdlib/1.7.0/a5f42c684ad9003160ef0d0f693ecf0ba7b13549/kotlin-stdlib-1.7.0.jar!/kotlin/, file:/Users/shanick.cuello/.gradle/caches/modules-2/files-2.1/org.jetbrains.kotlin/kotlin-stdlib-common/1.7.0/51736992f422993a1e741051bdf3c12801bc1ca1/kotlin-stdlib-common-1.7.0.jar!/kotlin, /Users/shanick.cuello/Documents/proyects/duel-to-death-api/build/classes/kotlin/test/com/example, /Users/shanick.cuello/Documents/proyects/duel-to-death-api/build/classes/kotlin/main/com/example, /Users/shanick.cuello/Documents/proyects/duel-to-death-api/build/classes/kotlin/test/com/example/routing, /Users/shanick.cuello/Documents/proyects/duel-to-death-api/build/classes/kotlin/test/, /Users/shanick.cuello/Documents/proyects/duel-to-death-api/build/classes/kotlin/main/, /Users/shanick.cuello/Documents/proyects/duel-to-death-api/build/resources/main/]
2022-06-21 09:27:38.517 [DefaultDispatcher-worker-1 @call-context#2] DEBUG ktor.test - Watching /Users/shanick.cuello/Documents/proyects/duel-to-death-api/build/classes/kotlin/test for changes.
2022-06-21 09:27:38.517 [DefaultDispatcher-worker-1 @call-context#2] DEBUG ktor.test - Watching /Users/shanick.cuello/Documents/proyects/duel-to-death-api/build/classes/kotlin/test/com/example/routing for changes.
2022-06-21 09:27:38.517 [DefaultDispatcher-worker-1 @call-context#2] DEBUG ktor.test - Watching /Users/shanick.cuello/Documents/proyects/duel-to-death-api/build/classes/kotlin/main/com for changes.
2022-06-21 09:27:38.517 [DefaultDispatcher-worker-1 @call-context#2] DEBUG ktor.test - Watching /Users/shanick.cuello/Documents/proyects/duel-to-death-api/build/classes/kotlin/test/com for changes.
2022-06-21 09:27:38.517 [DefaultDispatcher-worker-1 @call-context#2] DEBUG ktor.test - Watching /Users/shanick.cuello/Documents/proyects/duel-to-death-api/build/classes/kotlin/test/com/example for changes.
2022-06-21 09:27:38.517 [DefaultDispatcher-worker-1 @call-context#2] DEBUG ktor.test - Watching /Users/shanick.cuello/Documents/proyects/duel-to-death-api/build/classes/kotlin/main/com/example for changes.
2022-06-21 09:27:38.517 [DefaultDispatcher-worker-1 @call-context#2] DEBUG ktor.test - Watching /Users/shanick.cuello/Documents/proyects/duel-to-death-api/build/classes/kotlin/main/com/example/plugins for changes.
2022-06-21 09:27:38.517 [DefaultDispatcher-worker-1 @call-context#2] DEBUG ktor.test - Watching /Users/shanick.cuello/Documents/proyects/duel-to-death-api/build/classes/kotlin/main/META-INF for changes.
2022-06-21 09:27:38.518 [DefaultDispatcher-worker-1 @call-context#2] DEBUG ktor.test - Watching /Users/shanick.cuello/Documents/proyects/duel-to-death-api/build/classes/kotlin/main for changes.
2022-06-21 09:27:38.518 [DefaultDispatcher-worker-1 @call-context#2] DEBUG ktor.test - Watching /Users/shanick.cuello/Documents/proyects/duel-to-death-api/build/classes/kotlin/test/META-INF for changes.
2022-06-21 09:27:38.518 [DefaultDispatcher-worker-1 @call-context#2] DEBUG ktor.test - Watching /Users/shanick.cuello/Documents/proyects/duel-to-death-api/build/resources/main for changes.
2022-06-21 09:27:38.569 [DefaultDispatcher-worker-1 @call-context#2] INFO  ktor.test - Application started in 0.14 seconds.
]]></system-out>
  <system-err><![CDATA[]]></system-err>
</testsuite>
